[2012-06-17 11:47:31] –›√ﬂ149√Î
[2012-06-17 11:47:31] –›√ﬂ149√Î
[2012-06-17 11:47:32] –›√ﬂ148√Î
[2012-06-17 11:47:33] –›√ﬂ147√Î
[2012-06-17 11:47:34] –›√ﬂ146√Î
[2012-06-17 11:47:35] –›√ﬂ145√Î
[2012-06-17 11:47:36] –›√ﬂ144√Î
[2012-06-17 11:47:37] –›√ﬂ143√Î
[2012-06-17 11:47:38] –›√ﬂ142√Î
[2012-06-17 11:47:40] –›√ﬂ140√Î
[2012-06-17 11:47:41] –›√ﬂ139√Î
[2012-06-17 11:47:42] –›√ﬂ138√Î
[2012-06-17 11:47:44] –›√ﬂ136√Î
[2012-06-17 11:47:45] –›√ﬂ135√Î
[2012-06-17 11:47:46] –›√ﬂ134√Î
[2012-06-17 11:47:47] –›√ﬂ133√Î
[2012-06-17 11:47:48] –›√ﬂ132√Î
[2012-06-17 11:47:49] –›√ﬂ131√Î
[2012-06-17 11:47:50] –›√ﬂ130√Î
[2012-06-17 11:47:51] –›√ﬂ129√Î
[2012-06-17 11:47:53] –›√ﬂ127√Î
[2012-06-17 11:47:54] –›√ﬂ126√Î
[2012-06-17 11:47:55] –›√ﬂ125√Î
[2012-06-17 11:47:56] –›√ﬂ124√Î
[2012-06-17 11:47:57] –›√ﬂ123√Î
[2012-06-17 11:47:59] –›√ﬂ121√Î
[2012-06-17 11:48:00] –›√ﬂ120√Î
[2012-06-17 11:48:01] –›√ﬂ119√Î
[2012-06-17 11:48:02] –›√ﬂ118√Î
[2012-06-17 11:48:03] –›√ﬂ117√Î
[2012-06-17 11:48:04] –›√ﬂ116√Î
[2012-06-17 11:48:05] –›√ﬂ115√Î
[2012-06-17 11:48:06] –›√ﬂ114√Î
[2012-06-17 11:48:07] –›√ﬂ113√Î
[2012-06-17 11:48:08] –›√ﬂ112√Î
[2012-06-17 11:48:10] –›√ﬂ110√Î
[2012-06-17 11:48:10] –›√ﬂ110√Î
[2012-06-17 11:48:12] –›√ﬂ108√Î
[2012-06-17 11:48:13] –›√ﬂ107√Î
[2012-06-17 11:48:14] –›√ﬂ106√Î
[2012-06-17 11:48:15] –›√ﬂ105√Î
[2012-06-17 11:48:16] –›√ﬂ104√Î
[2012-06-17 11:48:17] –›√ﬂ103√Î
[2012-06-17 11:48:18] –›√ﬂ102√Î
[2012-06-17 11:48:19] –›√ﬂ101√Î
[2012-06-17 11:48:20] –›√ﬂ100√Î
[2012-06-17 11:48:21] –›√ﬂ99√Î
[2012-06-17 11:48:22] –›√ﬂ98√Î
[2012-06-17 11:48:22] –›√ﬂ98√Î
[2012-06-17 11:48:23] –›√ﬂ97√Î
[2012-06-17 11:48:24] –›√ﬂ96√Î
[2012-06-17 11:48:25] –›√ﬂ95√Î
[2012-06-17 11:48:26] –›√ﬂ94√Î
[2012-06-17 11:48:28] –›√ﬂ92√Î
[2012-06-17 11:48:28] –›√ﬂ92√Î
[2012-06-17 11:48:29] –›√ﬂ91√Î
[2012-06-17 11:48:30] –›√ﬂ90√Î
[2012-06-17 11:48:31] –›√ﬂ89√Î
[2012-06-17 11:48:32] –›√ﬂ88√Î
[2012-06-17 11:48:33] –›√ﬂ87√Î
[2012-06-17 11:48:34] –›√ﬂ86√Î
[2012-06-17 11:48:35] –›√ﬂ85√Î
[2012-06-17 11:48:36] –›√ﬂ84√Î
[2012-06-17 11:48:37] –›√ﬂ83√Î
[2012-06-17 11:48:38] –›√ﬂ82√Î
[2012-06-17 11:48:39] –›√ﬂ81√Î
[2012-06-17 11:48:40] –›√ﬂ80√Î
[2012-06-17 11:48:41] –›√ﬂ79√Î
[2012-06-17 11:48:42] –›√ﬂ78√Î
[2012-06-17 11:48:43] –›√ﬂ77√Î
[2012-06-17 11:48:44] –›√ﬂ76√Î
[2012-06-17 11:48:45] –›√ﬂ75√Î
[2012-06-17 11:48:46] –›√ﬂ74√Î
[2012-06-17 11:48:47] –›√ﬂ73√Î
[2012-06-17 11:48:48] –›√ﬂ72√Î
[2012-06-17 11:48:50] –›√ﬂ70√Î
[2012-06-17 11:48:51] –›√ﬂ69√Î
[2012-06-17 11:48:52] –›√ﬂ68√Î
[2012-06-17 11:48:53] –›√ﬂ67√Î
[2012-06-17 11:48:54] –›√ﬂ66√Î
[2012-06-17 11:48:55] –›√ﬂ65√Î
[2012-06-17 11:48:56] –›√ﬂ64√Î
[2012-06-17 11:48:57] –›√ﬂ63√Î
[2012-06-17 11:48:58] –›√ﬂ62√Î
[2012-06-17 11:48:59] –›√ﬂ61√Î
[2012-06-17 11:49:00] –›√ﬂ60√Î
[2012-06-17 11:49:01] –›√ﬂ59√Î
[2012-06-17 11:49:02] –›√ﬂ58√Î
[2012-06-17 11:49:03] –›√ﬂ57√Î
[2012-06-17 11:49:05] –›√ﬂ55√Î
[2012-06-17 11:49:06] –›√ﬂ54√Î
[2012-06-17 11:49:07] –›√ﬂ53√Î
[2012-06-17 11:49:08] –›√ﬂ52√Î
[2012-06-17 11:49:09] –›√ﬂ51√Î
[2012-06-17 11:49:10] –›√ﬂ50√Î
[2012-06-17 11:49:11] –›√ﬂ49√Î
[2012-06-17 11:49:12] –›√ﬂ48√Î
[2012-06-17 11:49:13] –›√ﬂ47√Î
[2012-06-17 11:49:14] –›√ﬂ46√Î
[2012-06-17 11:49:15] –›√ﬂ45√Î
[2012-06-17 11:49:16] –›√ﬂ44√Î
[2012-06-17 11:49:17] –›√ﬂ43√Î
[2012-06-17 11:49:19] –›√ﬂ42√Î
[2012-06-17 11:49:20] –›√ﬂ40√Î
[2012-06-17 11:49:21] –›√ﬂ39√Î
[2012-06-17 11:49:22] –›√ﬂ38√Î
[2012-06-17 11:49:23] –›√ﬂ37√Î
[2012-06-17 11:49:24] –›√ﬂ36√Î
[2012-06-17 11:49:25] –›√ﬂ35√Î
[2012-06-17 11:49:26] –›√ﬂ34√Î
[2012-06-17 11:49:27] –›√ﬂ33√Î
[2012-06-17 11:49:28] –›√ﬂ32√Î
[2012-06-17 11:50:32] –›√ﬂ568√Î
[2012-06-17 11:51:10] –›√ﬂ530√Î
[2012-06-17 11:51:14] –›√ﬂ526√Î
[2012-06-17 11:51:16] –›√ﬂ524√Î
[2012-06-17 11:51:19] –›√ﬂ521√Î
[2012-06-17 11:51:22] –›√ﬂ518√Î
[2012-06-17 11:51:23] –›√ﬂ517√Î
[2012-06-17 11:51:25] –›√ﬂ515√Î
[2012-06-17 12:35:21] –›√ﬂ600√Î
[2012-06-17 12:35:22] –›√ﬂ600√Î
[2012-06-17 12:35:22] –›√ﬂ600√Î
[2012-06-17 12:35:23] –›√ﬂ600√Î
[2012-06-17 12:35:24] –›√ﬂ600√Î
[2012-06-17 12:35:26] –›√ﬂ600√Î
[2012-06-17 12:35:26] –›√ﬂ600√Î
[2012-06-17 12:35:27] –›√ﬂ600√Î
[2012-06-17 12:35:28] –›√ﬂ600√Î
[2012-06-17 12:35:32] –›√ﬂ600√Î
[2012-06-17 12:35:33] –›√ﬂ600√Î
[2012-06-17 12:35:34] –›√ﬂ600√Î
[2012-06-17 12:35:35] –›√ﬂ600√Î
[2012-06-17 12:35:39] –›√ﬂ600√Î
[2012-06-17 12:35:40] –›√ﬂ600√Î
[2012-06-17 12:36:21] ∆Ù∂Ø ß∞‹£∫“—æ≠”–Ω¯≥Ã‘⁄‘À––¡À
[2012-06-17 12:36:37] ∆Ù∂Ø ß∞‹£∫“—æ≠”–Ω¯≥Ã‘⁄‘À––¡À
[2012-06-17 12:37:22] –›√ﬂ158√Î
[2012-06-17 12:37:24] –›√ﬂ156√Î
[2012-06-17 12:37:25] –›√ﬂ155√Î
[2012-06-17 12:37:26] –›√ﬂ154√Î
[2012-06-17 12:37:30] –›√ﬂ150√Î
[2012-06-17 12:37:31] –›√ﬂ149√Î
[2012-06-17 12:37:32] –›√ﬂ148√Î
[2012-06-17 12:37:33] –›√ﬂ147√Î
[2012-06-17 12:39:00] ∆Ù∂Ø ß∞‹£∫“—æ≠”–Ω¯≥Ã‘⁄‘À––¡À
[2012-06-17 12:39:44] ∆Ù∂Ø ß∞‹£∫“—æ≠”–Ω¯≥Ã‘⁄‘À––¡À
[2012-06-17 12:40:37] ∆Ù∂Ø ß∞‹£∫“—æ≠”–Ω¯≥Ã‘⁄‘À––¡À
[2012-06-17 12:40:58] 1339907400
[2012-06-17 12:41:01] –›√ﬂ539√Î
[2012-06-17 12:41:04] –›√ﬂ536√Î
[2012-06-17 12:41:08] –›√ﬂ532√Î
[2012-06-17 12:41:09] –›√ﬂ531√Î
[2012-06-17 12:41:11] –›√ﬂ529√Î
[2012-06-17 12:41:14] –›√ﬂ526√Î
[2012-06-17 12:41:15] –›√ﬂ525√Î
[2012-06-17 12:41:16] –›√ﬂ524√Î
[2012-06-17 12:41:49] 12:50:00
[2012-06-17 12:41:49] 1339908000
[2012-06-17 12:41:50] –›√ﬂ490√Î
[2012-06-17 12:41:52] –›√ﬂ488√Î
[2012-06-17 12:41:53] –›√ﬂ487√Î
[2012-06-17 12:41:54] –›√ﬂ486√Î
[2012-06-17 12:41:55] –›√ﬂ485√Î
[2012-06-17 12:41:56] –›√ﬂ484√Î
[2012-06-17 12:41:57] –›√ﬂ483√Î
[2012-06-17 12:41:58] –›√ﬂ482√Î
[2012-06-17 12:41:59] –›√ﬂ481√Î
[2012-06-17 12:42:00] –›√ﬂ480√Î
[2012-06-17 12:42:01] –›√ﬂ479√Î
[2012-06-17 12:42:02] –›√ﬂ478√Î
[2012-06-17 12:42:03] –›√ﬂ477√Î
[2012-06-17 12:42:04] –›√ﬂ476√Î
[2012-06-17 12:42:05] –›√ﬂ475√Î
[2012-06-17 12:42:07] –›√ﬂ473√Î
[2012-06-17 12:42:08] –›√ﬂ472√Î
[2012-06-17 12:42:09] –›√ﬂ471√Î
[2012-06-17 12:45:53] ◊Ó∫Û“ª∆⁄£∫20120617-041
[2012-06-17 12:45:53] 12:50:00
[2012-06-17 12:45:53] 1339908000
[2012-06-17 12:48:21] ◊Ó∫Û“ª∆⁄£∫20120617-041
[2012-06-17 12:48:21] 12:50:00
[2012-06-17 12:48:21] 1339908000
[2012-06-17 12:48:23] –›√ﬂ97√Î...
[2012-06-17 12:48:24] –›√ﬂ96√Î...
[2012-06-17 12:48:25] –›√ﬂ95√Î...
[2012-06-17 12:48:26] –›√ﬂ94√Î...
[2012-06-17 12:48:27] –›√ﬂ93√Î...
[2012-06-17 12:48:28] –›√ﬂ92√Î...
[2012-06-17 12:48:29] –›√ﬂ91√Î...
[2012-06-17 12:48:30] –›√ﬂ90√Î...
[2012-06-17 12:48:31] –›√ﬂ89√Î...
[2012-06-17 12:48:32] –›√ﬂ88√Î...
[2012-06-17 12:48:33] –›√ﬂ87√Î...
[2012-06-17 12:48:34] –›√ﬂ86√Î...
[2012-06-17 12:48:34] ’˝≥£ÕÀ≥ˆ
