[Sun Aug 05 2012 20:20:16] 开始从官网采集重庆时时彩数据
[Sun Aug 05 2012 20:20:16] 开始从彩客网采集重庆时时彩数据
[Sun Aug 05 2012 20:20:17] 提交从彩客网采集的重庆时时彩第20120805-085数据：1,7,4,4,9
[Sun Aug 05 2012 20:20:17] 写入重庆时时彩第20120805-085期数据成功
[Sun Aug 05 2012 20:20:17] 休眠5秒后从彩客网采集重庆时时彩数据...
[Sun Aug 05 2012 20:20:17] 彩种[1]第20120805-085期没有投注
[Sun Aug 05 2012 20:20:22] 开始从彩客网采集重庆时时彩数据
[Sun Aug 05 2012 20:20:25] 提交从彩客网采集的重庆时时彩第20120805-085数据：1,7,4,4,9
[Sun Aug 05 2012 20:20:25] 重庆时时彩第20120805-085期数据已经存在数据
[Sun Aug 05 2012 20:20:25] 休眠5秒后从彩客网采集重庆时时彩数据...
[Sun Aug 05 2012 20:20:30] 开始从彩客网采集重庆时时彩数据
[Sun Aug 05 2012 20:20:30] 提交从彩客网采集的重庆时时彩第20120805-085数据：1,7,4,4,9
[Sun Aug 05 2012 20:20:30] 重庆时时彩第20120805-085期数据已经存在数据
[Sun Aug 05 2012 20:20:30] 休眠5秒后从彩客网采集重庆时时彩数据...
[Sun Aug 05 2012 20:20:35] 开始从彩客网采集重庆时时彩数据
[Sun Aug 05 2012 20:20:35] 提交从彩客网采集的重庆时时彩第20120805-085数据：1,7,4,4,9
[Sun Aug 05 2012 20:20:35] 重庆时时彩第20120805-085期数据已经存在数据
[Sun Aug 05 2012 20:20:35] 休眠5秒后从彩客网采集重庆时时彩数据...
[Sun Aug 05 2012 20:20:40] 开始从彩客网采集重庆时时彩数据
[Sun Aug 05 2012 20:20:41] 提交从彩客网采集的重庆时时彩第20120805-085数据：1,7,4,4,9
[Sun Aug 05 2012 20:20:41] 重庆时时彩第20120805-085期数据已经存在数据
[Sun Aug 05 2012 20:20:41] 休眠5秒后从彩客网采集重庆时时彩数据...
[Sun Aug 05 2012 20:20:46] 开始从彩客网采集重庆时时彩数据
[Sun Aug 05 2012 20:20:46] 提交从彩客网采集的重庆时时彩第20120805-085数据：1,7,4,4,9
[Sun Aug 05 2012 20:20:46] 重庆时时彩第20120805-085期数据已经存在数据
[Sun Aug 05 2012 20:20:46] 休眠5秒后从彩客网采集重庆时时彩数据...
[Sun Aug 05 2012 20:20:46] 从官网采集重庆时时彩数据超时
[Sun Aug 05 2012 20:20:46] 休眠5秒后从官网采集重庆时时彩数据...
[Sun Aug 05 2012 20:20:51] 开始从彩客网采集重庆时时彩数据
[Sun Aug 05 2012 20:20:51] 提交从彩客网采集的重庆时时彩第20120805-085数据：1,7,4,4,9
[Sun Aug 05 2012 20:20:51] 重庆时时彩第20120805-085期数据已经存在数据
[Sun Aug 05 2012 20:20:51] 休眠5秒后从彩客网采集重庆时时彩数据...
[Sun Aug 05 2012 20:20:51] 休眠5秒后从官网采集重庆时时彩数据...
[Sun Aug 05 2012 20:20:56] 开始从彩客网采集重庆时时彩数据
[Sun Aug 05 2012 20:20:56] 开始从官网采集重庆时时彩数据
[Sun Aug 05 2012 20:20:56] 提交从彩客网采集的重庆时时彩第20120805-085数据：1,7,4,4,9
[Sun Aug 05 2012 20:20:56] 重庆时时彩第20120805-085期数据已经存在数据
[Sun Aug 05 2012 20:20:56] 休眠5秒后从彩客网采集重庆时时彩数据...
[Sun Aug 05 2012 20:20:56] 休眠5秒后从官网采集重庆时时彩数据...
[Sun Aug 05 2012 20:21:01] 开始从彩客网采集重庆时时彩数据
[Sun Aug 05 2012 20:21:01] 开始从官网采集重庆时时彩数据
[Sun Aug 05 2012 20:21:02] 提交从彩客网采集的重庆时时彩第20120805-085数据：1,7,4,4,9
[Sun Aug 05 2012 20:21:02] 重庆时时彩第20120805-085期数据已经存在数据
[Sun Aug 05 2012 20:21:02] 休眠5秒后从彩客网采集重庆时时彩数据...
[Sun Aug 05 2012 20:21:02] 休眠5秒后从官网采集重庆时时彩数据...
[Sun Aug 05 2012 20:21:07] 开始从彩客网采集重庆时时彩数据
[Sun Aug 05 2012 20:21:07] 开始从官网采集重庆时时彩数据
[Sun Aug 05 2012 20:21:07] 提交从彩客网采集的重庆时时彩第20120805-085数据：1,7,4,4,9
[Sun Aug 05 2012 20:21:07] 重庆时时彩第20120805-085期数据已经存在数据
[Sun Aug 05 2012 20:21:07] 休眠5秒后从彩客网采集重庆时时彩数据...
[Sun Aug 05 2012 20:21:07] 休眠5秒后从官网采集重庆时时彩数据...
[Sun Aug 05 2012 20:21:12] 开始从彩客网采集重庆时时彩数据
[Sun Aug 05 2012 20:21:12] 开始从官网采集重庆时时彩数据
[Sun Aug 05 2012 20:21:12] 提交从彩客网采集的重庆时时彩第20120805-085数据：1,7,4,4,9
[Sun Aug 05 2012 20:21:12] 重庆时时彩第20120805-085期数据已经存在数据
[Sun Aug 05 2012 20:21:12] 休眠5秒后从彩客网采集重庆时时彩数据...
[Sun Aug 05 2012 20:21:12] 休眠5秒后从官网采集重庆时时彩数据...
[Sun Aug 05 2012 20:21:17] 开始从彩客网采集重庆时时彩数据
[Sun Aug 05 2012 20:21:17] 开始从官网采集重庆时时彩数据
[Sun Aug 05 2012 20:21:17] 提交从彩客网采集的重庆时时彩第20120805-085数据：1,7,4,4,9
[Sun Aug 05 2012 20:21:17] 重庆时时彩第20120805-085期数据已经存在数据
[Sun Aug 05 2012 20:21:17] 休眠5秒后从彩客网采集重庆时时彩数据...
[Sun Aug 05 2012 20:21:17] 休眠5秒后从官网采集重庆时时彩数据...
[Sun Aug 05 2012 20:21:22] 开始从彩客网采集重庆时时彩数据
[Sun Aug 05 2012 20:21:22] 开始从官网采集重庆时时彩数据
[Sun Aug 05 2012 20:21:22] 提交从彩客网采集的重庆时时彩第20120805-085数据：1,7,4,4,9
[Sun Aug 05 2012 20:21:22] 重庆时时彩第20120805-085期数据已经存在数据
[Sun Aug 05 2012 20:21:22] 休眠5秒后从彩客网采集重庆时时彩数据...
[Sun Aug 05 2012 20:21:22] 休眠5秒后从官网采集重庆时时彩数据...
[Sun Aug 05 2012 20:21:26] 从官网采集重庆时时彩数据超时
[Sun Aug 05 2012 20:21:26] 休眠5秒后从官网采集重庆时时彩数据...
[Sun Aug 05 2012 20:21:27] 开始从彩客网采集重庆时时彩数据
[Sun Aug 05 2012 20:21:27] 提交从彩客网采集的重庆时时彩第20120805-085数据：1,7,4,4,9
[Sun Aug 05 2012 20:21:27] 重庆时时彩第20120805-085期数据已经存在数据
[Sun Aug 05 2012 20:21:27] 休眠5秒后从彩客网采集重庆时时彩数据...
[Sun Aug 05 2012 20:21:27] 休眠5秒后从官网采集重庆时时彩数据...
[Sun Aug 05 2012 20:21:31] 从官网采集重庆时时彩数据超时
[Sun Aug 05 2012 20:21:31] 休眠5秒后从官网采集重庆时时彩数据...
[Sun Aug 05 2012 20:21:32] 提交从官网采集的重庆时时彩第20120805-086数据：9,0,9,1,6
[Sun Aug 05 2012 20:21:32] 写入重庆时时彩第20120805-086期数据成功
[Sun Aug 05 2012 20:21:32] 休眠518秒后从彩客网采集重庆时时彩数据...
[Sun Aug 05 2012 20:21:32] 休眠518秒后从官网采集重庆时时彩数据...
[Sun Aug 05 2012 20:21:33] 彩种[1]第20120805-086期没有投注
[Sun Aug 05 2012 20:21:37] 从官网采集重庆时时彩数据超时
[Sun Aug 05 2012 20:21:37] 休眠5秒后从官网采集重庆时时彩数据...
[Sun Aug 05 2012 20:21:42] 开始从官网采集重庆时时彩数据
[Sun Aug 05 2012 20:21:47] 从官网采集重庆时时彩数据超时
[Sun Aug 05 2012 20:21:47] 休眠5秒后从官网采集重庆时时彩数据...
[Sun Aug 05 2012 20:21:52] 开始从官网采集重庆时时彩数据
[Sun Aug 05 2012 20:21:52] 提交从官网采集的重庆时时彩第20120805-085数据：1,7,4,4,9
[Sun Aug 05 2012 20:21:52] 重庆时时彩第20120805-085期数据已经存在数据
[Sun Aug 05 2012 20:21:52] 休眠5秒后从彩客网采集重庆时时彩数据...
[Sun Aug 05 2012 20:21:52] 休眠5秒后从官网采集重庆时时彩数据...
[Sun Aug 05 2012 20:21:52] 从官网采集重庆时时彩数据超时
[Sun Aug 05 2012 20:21:52] 休眠5秒后从官网采集重庆时时彩数据...
[Sun Aug 05 2012 20:21:57] 开始从彩客网采集重庆时时彩数据
[Sun Aug 05 2012 20:21:57] 开始从官网采集重庆时时彩数据
[Sun Aug 05 2012 20:21:57] 提交从彩客网采集的重庆时时彩第20120805-085数据：1,7,4,4,9
[Sun Aug 05 2012 20:21:57] 重庆时时彩第20120805-085期数据已经存在数据
[Sun Aug 05 2012 20:21:57] 休眠5秒后从彩客网采集重庆时时彩数据...
[Sun Aug 05 2012 20:21:57] 休眠5秒后从官网采集重庆时时彩数据...
[Sun Aug 05 2012 20:22:02] 开始从彩客网采集重庆时时彩数据
[Sun Aug 05 2012 20:22:02] 开始从官网采集重庆时时彩数据
[Sun Aug 05 2012 20:22:02] 提交从彩客网采集的重庆时时彩第20120805-085数据：1,7,4,4,9
[Sun Aug 05 2012 20:22:02] 重庆时时彩第20120805-085期数据已经存在数据
[Sun Aug 05 2012 20:22:02] 休眠5秒后从彩客网采集重庆时时彩数据...
[Sun Aug 05 2012 20:22:02] 休眠5秒后从官网采集重庆时时彩数据...
[Sun Aug 05 2012 20:22:03] 提交从官网采集的重庆时时彩第20120805-086数据：9,0,9,1,6
[Sun Aug 05 2012 20:22:03] 重庆时时彩第20120805-086期数据已经存在数据
[Sun Aug 05 2012 20:22:03] 休眠487秒后从彩客网采集重庆时时彩数据...
[Sun Aug 05 2012 20:22:03] 休眠487秒后从官网采集重庆时时彩数据...
[Sun Aug 05 2012 20:22:07] 提交从官网采集的重庆时时彩第20120805-086数据：9,0,9,1,6
[Sun Aug 05 2012 20:22:07] 重庆时时彩第20120805-086期数据已经存在数据
[Sun Aug 05 2012 20:22:07] 休眠483秒后从彩客网采集重庆时时彩数据...
[Sun Aug 05 2012 20:22:07] 休眠483秒后从官网采集重庆时时彩数据...
[Sun Aug 05 2012 20:22:09] 提交从官网采集的重庆时时彩第20120805-086数据：9,0,9,1,6
[Sun Aug 05 2012 20:22:09] 重庆时时彩第20120805-086期数据已经存在数据
[Sun Aug 05 2012 20:22:09] 休眠481秒后从彩客网采集重庆时时彩数据...
[Sun Aug 05 2012 20:22:09] 休眠481秒后从官网采集重庆时时彩数据...
[Sun Aug 05 2012 20:22:18] 提交从官网采集的重庆时时彩第20120805-086数据：9,0,9,1,6
[Sun Aug 05 2012 20:22:18] 重庆时时彩第20120805-086期数据已经存在数据
[Sun Aug 05 2012 20:22:18] 休眠472秒后从彩客网采集重庆时时彩数据...
[Sun Aug 05 2012 20:22:18] 休眠472秒后从官网采集重庆时时彩数据...
[Sun Aug 05 2012 20:22:21] 提交从官网采集的重庆时时彩第20120805-086数据：9,0,9,1,6
[Sun Aug 05 2012 20:22:21] 重庆时时彩第20120805-086期数据已经存在数据
[Sun Aug 05 2012 20:22:21] 休眠469秒后从彩客网采集重庆时时彩数据...
[Sun Aug 05 2012 20:22:21] 休眠469秒后从官网采集重庆时时彩数据...
[Sun Aug 05 2012 20:22:30] 提交从官网采集的重庆时时彩第20120805-086数据：9,0,9,1,6
[Sun Aug 05 2012 20:22:30] 写入重庆时时彩第20120805-086期数据成功
[Sun Aug 05 2012 20:22:30] 休眠460秒后从彩客网采集重庆时时彩数据...
[Sun Aug 05 2012 20:22:30] 休眠460秒后从官网采集重庆时时彩数据...
[Sun Aug 05 2012 20:22:30] 彩种[1]第20120805-086期没有投注
[Sun Aug 05 2012 20:22:32] 提交从官网采集的重庆时时彩第20120805-085数据：1,7,4,4,9
[Sun Aug 05 2012 20:22:32] 写入重庆时时彩第20120805-085期数据成功
[Sun Aug 05 2012 20:22:32] 休眠5秒后从彩客网采集重庆时时彩数据...
[Sun Aug 05 2012 20:22:32] 休眠5秒后从官网采集重庆时时彩数据...
[Sun Aug 05 2012 20:22:33] 提交从官网采集的重庆时时彩第20120805-085数据：1,7,4,4,9
[Sun Aug 05 2012 20:22:33] 重庆时时彩第20120805-085期数据已经存在数据
[Sun Aug 05 2012 20:22:33] 休眠5秒后从彩客网采集重庆时时彩数据...
[Sun Aug 05 2012 20:22:33] 休眠5秒后从官网采集重庆时时彩数据...
[Sun Aug 05 2012 20:22:33] 彩种[1]第20120805-085期没有投注
[Sun Aug 05 2012 20:22:38] 开始从彩客网采集重庆时时彩数据
[Sun Aug 05 2012 20:22:38] 开始从官网采集重庆时时彩数据
[Sun Aug 05 2012 20:22:38] 提交从彩客网采集的重庆时时彩第20120805-086数据：9,0,9,1,6
[Sun Aug 05 2012 20:22:38] 重庆时时彩第20120805-086期数据已经存在数据
[Sun Aug 05 2012 20:22:38] 休眠452秒后从彩客网采集重庆时时彩数据...
[Sun Aug 05 2012 20:22:38] 休眠452秒后从官网采集重庆时时彩数据...
[Sun Aug 05 2012 20:22:39] 提交从官网采集的重庆时时彩第20120805-086数据：9,0,9,1,6
[Sun Aug 05 2012 20:22:39] 重庆时时彩第20120805-086期数据已经存在数据
[Sun Aug 05 2012 20:22:39] 休眠451秒后从彩客网采集重庆时时彩数据...
[Sun Aug 05 2012 20:22:39] 休眠451秒后从官网采集重庆时时彩数据...
[Sun Aug 05 2012 20:23:27] 提交从官网采集的重庆时时彩第20120805-085数据：1,7,4,4,9
[Sun Aug 05 2012 20:23:27] 重庆时时彩第20120805-085期数据已经存在数据
[Sun Aug 05 2012 20:23:27] 休眠5秒后从彩客网采集重庆时时彩数据...
[Sun Aug 05 2012 20:23:27] 休眠5秒后从官网采集重庆时时彩数据...
[Sun Aug 05 2012 20:23:32] 开始从彩客网采集重庆时时彩数据
[Sun Aug 05 2012 20:23:32] 开始从官网采集重庆时时彩数据
[Sun Aug 05 2012 20:23:32] 提交从彩客网采集的重庆时时彩第20120805-086数据：9,0,9,1,6
[Sun Aug 05 2012 20:23:32] 重庆时时彩第20120805-086期数据已经存在数据
[Sun Aug 05 2012 20:23:32] 休眠398秒后从彩客网采集重庆时时彩数据...
[Sun Aug 05 2012 20:23:32] 休眠398秒后从官网采集重庆时时彩数据...
[Sun Aug 05 2012 20:23:32] 提交从官网采集的重庆时时彩第20120805-086数据：9,0,9,1,6
[Sun Aug 05 2012 20:23:32] 重庆时时彩第20120805-086期数据已经存在数据
[Sun Aug 05 2012 20:23:32] 休眠398秒后从彩客网采集重庆时时彩数据...
[Sun Aug 05 2012 20:23:32] 休眠398秒后从官网采集重庆时时彩数据...
